<?xml version="1.0" encoding="UTF-8"?>
<testsuites name="jest tests" tests="70" failures="0" errors="0" time="11.34">
  <testsuite name="undefined" errors="0" failures="0" skipped="0" timestamp="2025-08-02T14:58:31" time="3.333" tests="15">
    <testcase classname=" Zone.js deve estar presente" name=" Zone.js deve estar presente" time="0.022">
    </testcase>
    <testcase classname="Ambiente de Teste Angular TestBed deve estar configurado corretamente" name="Ambiente de Teste Angular TestBed deve estar configurado corretamente" time="0.003">
    </testcase>
    <testcase classname="Ambiente de Teste Angular Jest deve estar operacional" name="Ambiente de Teste Angular Jest deve estar operacional" time="0.005">
    </testcase>
    <testcase classname="Ambiente de Teste Angular deve resolver Promises corretamente" name="Ambiente de Teste Angular deve resolver Promises corretamente" time="0.007">
    </testcase>
    <testcase classname="Ambiente de Teste Angular deve manipular Observables corretamente" name="Ambiente de Teste Angular deve manipular Observables corretamente" time="0.004">
    </testcase>
    <testcase classname="ConsultaStateService deve ser criado" name="ConsultaStateService deve ser criado" time="0.06">
    </testcase>
    <testcase classname="ConsultaStateService deve ter valores iniciais corretos" name="ConsultaStateService deve ter valores iniciais corretos" time="0.011">
    </testcase>
    <testcase classname="ConsultaStateService deve atualizar tipoConsulta corretamente" name="ConsultaStateService deve atualizar tipoConsulta corretamente" time="0.014">
    </testcase>
    <testcase classname="ConsultaStateService deve atualizar termoBusca corretamente" name="ConsultaStateService deve atualizar termoBusca corretamente" time="0.012">
    </testcase>
    <testcase classname="ConsultaStateService deve atualizar creditos corretamente" name="ConsultaStateService deve atualizar creditos corretamente" time="0.012">
    </testcase>
    <testcase classname="ConsultaStateService deve atualizar carregando corretamente" name="ConsultaStateService deve atualizar carregando corretamente" time="0.011">
    </testcase>
    <testcase classname="ConsultaStateService deve atualizar erro corretamente" name="ConsultaStateService deve atualizar erro corretamente" time="0.012">
    </testcase>
    <testcase classname="ConsultaStateService deve atualizar consultaRealizada corretamente" name="ConsultaStateService deve atualizar consultaRealizada corretamente" time="0.015">
    </testcase>
    <testcase classname="ConsultaStateService limparResultados deve limpar resultados mantendo tipoConsulta" name="ConsultaStateService limparResultados deve limpar resultados mantendo tipoConsulta" time="0.016">
    </testcase>
    <testcase classname="ConsultaStateService limparResultados deve ser chamado sem erros quando já está limpo" name="ConsultaStateService limparResultados deve ser chamado sem erros quando já está limpo" time="0.01">
    </testcase>
  </testsuite>
  <testsuite name="undefined" errors="0" failures="0" skipped="0" timestamp="2025-08-02T14:58:31" time="3.444" tests="11">
    <testcase classname=" Zone.js deve estar presente" name=" Zone.js deve estar presente" time="0.031">
    </testcase>
    <testcase classname="Ambiente de Teste Angular TestBed deve estar configurado corretamente" name="Ambiente de Teste Angular TestBed deve estar configurado corretamente" time="0.004">
    </testcase>
    <testcase classname="Ambiente de Teste Angular Jest deve estar operacional" name="Ambiente de Teste Angular Jest deve estar operacional" time="0.004">
    </testcase>
    <testcase classname="Ambiente de Teste Angular deve resolver Promises corretamente" name="Ambiente de Teste Angular deve resolver Promises corretamente" time="0.007">
    </testcase>
    <testcase classname="Ambiente de Teste Angular deve manipular Observables corretamente" name="Ambiente de Teste Angular deve manipular Observables corretamente" time="0.006">
    </testcase>
    <testcase classname="CreditoService deve buscar créditos por NFSe" name="CreditoService deve buscar créditos por NFSe" time="0.099">
    </testcase>
    <testcase classname="CreditoService deve buscar crédito por número de crédito" name="CreditoService deve buscar crédito por número de crédito" time="0.018">
    </testcase>
    <testcase classname="CreditoService deve usar o alias buscarPorNumeroCredito" name="CreditoService deve usar o alias buscarPorNumeroCredito" time="0.014">
    </testcase>
    <testcase classname="CreditoService deve retornar array vazio em caso de erro na busca por NFSe" name="CreditoService deve retornar array vazio em caso de erro na busca por NFSe" time="0.02">
    </testcase>
    <testcase classname="CreditoService deve retornar null em caso de erro na busca por número de crédito" name="CreditoService deve retornar null em caso de erro na busca por número de crédito" time="0.015">
    </testcase>
    <testcase classname="CreditoService deve tratar erro de rede na busca por NFSe" name="CreditoService deve tratar erro de rede na busca por NFSe" time="0.015">
    </testcase>
  </testsuite>
  <testsuite name="undefined" errors="0" failures="0" skipped="0" timestamp="2025-08-02T14:58:31" time="3.949" tests="12">
    <testcase classname=" Zone.js deve estar presente" name=" Zone.js deve estar presente" time="0.027">
    </testcase>
    <testcase classname="Ambiente de Teste Angular TestBed deve estar configurado corretamente" name="Ambiente de Teste Angular TestBed deve estar configurado corretamente" time="0.004">
    </testcase>
    <testcase classname="Ambiente de Teste Angular Jest deve estar operacional" name="Ambiente de Teste Angular Jest deve estar operacional" time="0.005">
    </testcase>
    <testcase classname="Ambiente de Teste Angular deve resolver Promises corretamente" name="Ambiente de Teste Angular deve resolver Promises corretamente" time="0.01">
    </testcase>
    <testcase classname="Ambiente de Teste Angular deve manipular Observables corretamente" name="Ambiente de Teste Angular deve manipular Observables corretamente" time="0.005">
    </testcase>
    <testcase classname="CreditoDetailComponent deve ser criado" name="CreditoDetailComponent deve ser criado" time="0.315">
    </testcase>
    <testcase classname="CreditoDetailComponent deve carregar crédito com sucesso" name="CreditoDetailComponent deve carregar crédito com sucesso" time="0.118">
    </testcase>
    <testcase classname="CreditoDetailComponent deve tratar erro quando crédito não for encontrado" name="CreditoDetailComponent deve tratar erro quando crédito não for encontrado" time="0.042">
    </testcase>
    <testcase classname="CreditoDetailComponent deve tratar erro de servidor offline" name="CreditoDetailComponent deve tratar erro de servidor offline" time="0.036">
    </testcase>
    <testcase classname="CreditoDetailComponent deve tratar outros erros" name="CreditoDetailComponent deve tratar outros erros" time="0.048">
    </testcase>
    <testcase classname="CreditoDetailComponent deve mostrar erro quando não há número na URL" name="CreditoDetailComponent deve mostrar erro quando não há número na URL" time="0.033">
    </testcase>
    <testcase classname="CreditoDetailComponent deve voltar ao chamar voltar()" name="CreditoDetailComponent deve voltar ao chamar voltar()" time="0.022">
    </testcase>
  </testsuite>
  <testsuite name="undefined" errors="0" failures="0" skipped="0" timestamp="2025-08-02T14:58:35" time="1.168" tests="9">
    <testcase classname=" Zone.js deve estar presente" name=" Zone.js deve estar presente" time="0.004">
    </testcase>
    <testcase classname="Ambiente de Teste Angular TestBed deve estar configurado corretamente" name="Ambiente de Teste Angular TestBed deve estar configurado corretamente" time="0.001">
    </testcase>
    <testcase classname="Ambiente de Teste Angular Jest deve estar operacional" name="Ambiente de Teste Angular Jest deve estar operacional" time="0.001">
    </testcase>
    <testcase classname="Ambiente de Teste Angular deve resolver Promises corretamente" name="Ambiente de Teste Angular deve resolver Promises corretamente" time="0.003">
    </testcase>
    <testcase classname="Ambiente de Teste Angular deve manipular Observables corretamente" name="Ambiente de Teste Angular deve manipular Observables corretamente" time="0.001">
    </testcase>
    <testcase classname="Componente App deve criar o componente App" name="Componente App deve criar o componente App" time="0.142">
    </testcase>
    <testcase classname="Componente App deve exibir mensagens de erro do MessageService" name="Componente App deve exibir mensagens de erro do MessageService" time="0.046">
    </testcase>
    <testcase classname="Componente App não deve exibir mensagem quando não há erro" name="Componente App não deve exibir mensagem quando não há erro" time="0.027">
    </testcase>
    <testcase classname="Componente App deve conter o router-outlet" name="Componente App deve conter o router-outlet" time="0.023">
    </testcase>
  </testsuite>
  <testsuite name="undefined" errors="0" failures="0" skipped="0" timestamp="2025-08-02T14:58:35" time="1.676" tests="6">
    <testcase classname=" Zone.js deve estar presente" name=" Zone.js deve estar presente" time="0.003">
    </testcase>
    <testcase classname="Ambiente de Teste Angular TestBed deve estar configurado corretamente" name="Ambiente de Teste Angular TestBed deve estar configurado corretamente" time="0.002">
    </testcase>
    <testcase classname="Ambiente de Teste Angular Jest deve estar operacional" name="Ambiente de Teste Angular Jest deve estar operacional" time="0.001">
    </testcase>
    <testcase classname="Ambiente de Teste Angular deve resolver Promises corretamente" name="Ambiente de Teste Angular deve resolver Promises corretamente" time="0.002">
    </testcase>
    <testcase classname="Ambiente de Teste Angular deve manipular Observables corretamente" name="Ambiente de Teste Angular deve manipular Observables corretamente" time="0.001">
    </testcase>
    <testcase classname="CreditoConsultaComponent deve ser criado" name="CreditoConsultaComponent deve ser criado" time="0.469">
    </testcase>
  </testsuite>
  <testsuite name="undefined" errors="0" failures="0" skipped="0" timestamp="2025-08-02T14:58:35" time="1.284" tests="6">
    <testcase classname=" Zone.js deve estar presente" name=" Zone.js deve estar presente" time="0.007">
    </testcase>
    <testcase classname="Ambiente de Teste Angular TestBed deve estar configurado corretamente" name="Ambiente de Teste Angular TestBed deve estar configurado corretamente" time="0.002">
    </testcase>
    <testcase classname="Ambiente de Teste Angular Jest deve estar operacional" name="Ambiente de Teste Angular Jest deve estar operacional" time="0.002">
    </testcase>
    <testcase classname="Ambiente de Teste Angular deve resolver Promises corretamente" name="Ambiente de Teste Angular deve resolver Promises corretamente" time="0.003">
    </testcase>
    <testcase classname="Ambiente de Teste Angular deve manipular Observables corretamente" name="Ambiente de Teste Angular deve manipular Observables corretamente" time="0.001">
    </testcase>
    <testcase classname="Componente Home deve criar o componente" name="Componente Home deve criar o componente" time="0.229">
    </testcase>
  </testsuite>
  <testsuite name="undefined" errors="0" failures="0" skipped="0" timestamp="2025-08-02T14:58:36" time="0.892" tests="6">
    <testcase classname=" Zone.js deve estar presente" name=" Zone.js deve estar presente" time="0.003">
    </testcase>
    <testcase classname="Ambiente de Teste Angular TestBed deve estar configurado corretamente" name="Ambiente de Teste Angular TestBed deve estar configurado corretamente" time="0.001">
    </testcase>
    <testcase classname="Ambiente de Teste Angular Jest deve estar operacional" name="Ambiente de Teste Angular Jest deve estar operacional" time="0.001">
    </testcase>
    <testcase classname="Ambiente de Teste Angular deve resolver Promises corretamente" name="Ambiente de Teste Angular deve resolver Promises corretamente" time="0.002">
    </testcase>
    <testcase classname="Ambiente de Teste Angular deve manipular Observables corretamente" name="Ambiente de Teste Angular deve manipular Observables corretamente" time="0.001">
    </testcase>
    <testcase classname="CreditoListComponent deve ser criado" name="CreditoListComponent deve ser criado" time="0.099">
    </testcase>
  </testsuite>
  <testsuite name="undefined" errors="0" failures="0" skipped="0" timestamp="2025-08-02T14:58:36" time="0.672" tests="5">
    <testcase classname=" Zone.js deve estar presente" name=" Zone.js deve estar presente" time="0.002">
    </testcase>
    <testcase classname="Ambiente de Teste Angular TestBed deve estar configurado corretamente" name="Ambiente de Teste Angular TestBed deve estar configurado corretamente" time="0.001">
    </testcase>
    <testcase classname="Ambiente de Teste Angular Jest deve estar operacional" name="Ambiente de Teste Angular Jest deve estar operacional" time="0.001">
    </testcase>
    <testcase classname="Ambiente de Teste Angular deve resolver Promises corretamente" name="Ambiente de Teste Angular deve resolver Promises corretamente" time="0.002">
    </testcase>
    <testcase classname="Ambiente de Teste Angular deve manipular Observables corretamente" name="Ambiente de Teste Angular deve manipular Observables corretamente" time="0.001">
    </testcase>
  </testsuite>
</testsuites>